3 4 d
d e 17
17 18 21
21 22 2b
2b 2c 35
35 36 3f
3f 40 49
49 4a 53
53 54 5d
5d 5e 67
67 68 71
71 72 7b
7b 7c 85
85 86 8f
8f 90 99
99 9a a3
a3 a4 ad
ad ae b7
b7 b8 c1
c1 c2 cb
cb cc d5
d5 d6 df
df e0 e9
e9 ea f3
f3 f4 fd
fd fe 107
107 108 111
111 112 11b
11b 11c 125
125 126 12f
12f 130 139
139 13a 143
143 144 14d
14d 14e 157
157 158 161
161 162 16b
16b 16c 175
175 176 17f
17f 180 189
189 18a 193
193 194 19d
19d 19e 1a7
1a7 1a8 1b1
1b1 1b2 1bb
1bb 1bc 1c5
1c5 1c6 1cf
1cf 1d0 1d9
1d9 1da 1e3
1e3 1e4 1ed
1ed 1ee 1f7
1f7 1f8 201
201 202 20b
20b 20c 215
215 216 21f
21f 220 229
229 22a 233
233 234 23d
23d 23e 247
247 248 251
251 252 25b
25b 25c 265
265 266 26f
26f 270 279
279 27a 283
283 284 28d
28d 28e 297
297 298 2a1
2a1 2a2 2ab
2ab 2ac 2b5
2b5 2b6 2bf
2bf 2c0 2c9
2c9 2ca 2d3
2d3 2d4 2dd
2dd 2de 2e7
2e7 2e8 2f1
2f1 2f2 2fb
2fb 2fc 305
305 306 30f
30f 310 319
319 31a 323
323 324 32d
32d 32e 337
337 338 341
341 342 34b
34b 34c 355
355 356 35f
35f 360 369
369 36a 373
373 374 37d
37d 37e 387
387 388 391
391 392 39b
39b 39c 3a5
3a5 3a6 3af
3af 3b0 3b9
3b9 3ba 3c3
3c3 3c4 3cd
3cd 3ce 3d7
3d7 3d8 3e1
3e1 3e2 3eb
