#
# Call Trace Generated By Pin
#
.text
_dl_rtld_di_serinfo
__get_cpu_features
realloc
realloc
realloc
.text
__get_cpu_features
realloc
__get_cpu_features
_dl_rtld_di_serinfo
realloc
.plt
calloc
malloc
__libc_memalign
realloc
_dl_rtld_di_serinfo
.text
realloc
_dl_rtld_di_serinfo
_dl_rtld_di_serinfo
realloc
.plt
calloc
malloc
__libc_memalign
realloc
_dl_rtld_di_serinfo
realloc
.plt
malloc
__libc_memalign
realloc
_dl_rtld_di_serinfo
.text
__get_cpu_features
realloc
.text
_dl_rtld_di_serinfo
realloc
.plt
malloc
__libc_memalign
realloc
realloc
realloc
realloc
.plt
malloc
__libc_memalign
.plt
malloc
__libc_memalign
realloc
realloc
realloc
realloc
realloc
realloc
realloc
realloc
.plt
malloc
__libc_memalign
.text
realloc
realloc
realloc
realloc
.plt
malloc
__libc_memalign
realloc
.plt
malloc
__libc_memalign
realloc
.plt.got
realloc
realloc
realloc
realloc
.plt
malloc
__libc_memalign
realloc
.plt
malloc
__libc_memalign
realloc
.plt.got
realloc
realloc
realloc
realloc
.plt
malloc
__libc_memalign
realloc
.plt
malloc
__libc_memalign
realloc
.plt.got
realloc
realloc
realloc
realloc
.plt
malloc
__libc_memalign
realloc
.plt
malloc
__libc_memalign
realloc
.plt.got
realloc
realloc
realloc
realloc
.plt
malloc
__libc_memalign
realloc
.plt
malloc
__libc_memalign
realloc
.plt.got
realloc
_dl_debug_state
_dl_mcount
_dl_debug_state
realloc
_dl_rtld_di_serinfo
realloc
_dl_rtld_di_serinfo
.text
realloc
_dl_rtld_di_serinfo
.text
_dl_debug_state
realloc
realloc
_dl_debug_state
realloc
realloc
realloc
realloc
_dl_debug_state
realloc
realloc
realloc
realloc
realloc
.text
realloc
realloc
realloc
.text
realloc
realloc
realloc
realloc
.text
realloc
realloc
realloc
realloc
.text
realloc
realloc
realloc
realloc
.text
realloc
realloc
realloc
realloc
realloc
.text
realloc
realloc
realloc
realloc
.text
realloc
realloc
realloc
realloc
.text
realloc
realloc
realloc
realloc
.text
realloc
realloc
realloc
realloc
realloc
.text
realloc
realloc
realloc
realloc
.text
realloc
realloc
realloc
realloc
.text
realloc
realloc
realloc
realloc
.text
realloc
realloc
realloc
realloc
realloc
.text
realloc
realloc
realloc
realloc
.text
realloc
realloc
realloc
realloc
.text
realloc
realloc
realloc
realloc
.text
realloc
realloc
realloc
realloc
realloc
.text
realloc
realloc
realloc
.text
realloc
realloc
realloc
.text
realloc
realloc
realloc
.text
realloc
_dl_find_dso_for_object
_dl_debug_state
realloc
realloc
realloc
realloc
realloc
realloc
realloc
_dl_find_dso_for_object
_dl_find_dso_for_object
_dl_find_dso_for_object
_dl_find_dso_for_object
_dl_find_dso_for_object
_dl_find_dso_for_object
_dl_find_dso_for_object
_dl_find_dso_for_object
_dl_find_dso_for_object
_dl_find_dso_for_object
_dl_find_dso_for_object
realloc
realloc
realloc
realloc
.plt
malloc
__libc_memalign
.text
realloc
realloc
realloc
realloc
realloc
realloc
realloc
.text
_dl_debug_state
realloc
_dl_rtld_di_serinfo
realloc
.plt
calloc
malloc
__libc_memalign
realloc
realloc
.plt
malloc
__libc_memalign
realloc
_dl_mcount
realloc
realloc
realloc
realloc
realloc
realloc
_dl_rtld_di_serinfo
_dl_rtld_di_serinfo
.text
realloc
_dl_rtld_di_serinfo
.text
realloc
_dl_rtld_di_serinfo
.text
_dl_debug_state
realloc
realloc
_dl_debug_state
realloc
realloc
realloc
.plt
malloc
__libc_memalign
realloc
realloc
.plt
malloc
__libc_memalign
realloc
realloc
realloc
_dl_rtld_di_serinfo
.text
.text
_dl_debug_state
_dl_debug_state
_dl_debug_state
realloc
realloc
_dl_debug_state
realloc
realloc
_dl_debug_state
realloc
realloc
_dl_debug_state
realloc
.plt
calloc
malloc
__libc_memalign
_dl_debug_state
.plt
calloc
malloc
__libc_memalign
_dl_debug_state
_dl_debug_state
realloc
realloc
_dl_debug_state
realloc
realloc
_dl_debug_state
realloc
realloc
_dl_debug_state
realloc
realloc
realloc
_dl_debug_state
realloc
_dl_debug_state
realloc
.plt
calloc
malloc
__libc_memalign
_dl_debug_state
.plt
calloc
malloc
__libc_memalign
realloc
.text
.plt
calloc
malloc
__libc_memalign
_dl_mcount
_dl_get_tls_static_info
.plt
__libc_memalign
realloc
.plt
calloc
malloc
__libc_memalign
realloc
_dl_rtld_di_serinfo
_dl_rtld_di_serinfo
_dl_rtld_di_serinfo
_dl_rtld_di_serinfo
realloc
_dl_rtld_di_serinfo
_dl_rtld_di_serinfo
_dl_rtld_di_serinfo
realloc
_dl_rtld_di_serinfo
_dl_rtld_di_serinfo
_dl_rtld_di_serinfo
realloc
_dl_rtld_di_serinfo
_dl_rtld_di_serinfo
_dl_rtld_di_serinfo
realloc
_dl_rtld_di_serinfo
_dl_rtld_di_serinfo
_dl_rtld_di_serinfo
realloc
_dl_rtld_di_serinfo
_dl_rtld_di_serinfo
_dl_rtld_di_serinfo
realloc
_dl_rtld_di_serinfo
_dl_rtld_di_serinfo
_dl_rtld_di_serinfo
realloc
_dl_rtld_di_serinfo
_dl_rtld_di_serinfo
_dl_rtld_di_serinfo
realloc
_dl_rtld_di_serinfo
_dl_rtld_di_serinfo
_dl_rtld_di_serinfo
realloc
_dl_rtld_di_serinfo
_dl_rtld_di_serinfo
_dl_debug_state
realloc
realloc
_dl_debug_state
realloc
realloc
_dl_rtld_di_serinfo
realloc
realloc
_dl_rtld_di_serinfo
_dl_rtld_di_serinfo
_dl_rtld_di_serinfo
realloc
_dl_rtld_di_serinfo
_dl_rtld_di_serinfo
_dl_rtld_di_serinfo
realloc
_dl_rtld_di_serinfo
_dl_rtld_di_serinfo
_dl_rtld_di_serinfo
realloc
_dl_rtld_di_serinfo
_dl_rtld_di_serinfo
_dl_rtld_di_serinfo
realloc
_dl_rtld_di_serinfo
_dl_rtld_di_serinfo
_dl_rtld_di_serinfo
realloc
_dl_rtld_di_serinfo
_dl_rtld_di_serinfo
_dl_debug_state
realloc
realloc
_dl_debug_state
realloc
realloc
_dl_rtld_di_serinfo
realloc
realloc
_dl_rtld_di_serinfo
_dl_rtld_di_serinfo
_dl_rtld_di_serinfo
realloc
_dl_rtld_di_serinfo
_dl_rtld_di_serinfo
_dl_rtld_di_serinfo
realloc
_dl_rtld_di_serinfo
_dl_rtld_di_serinfo
_dl_rtld_di_serinfo
realloc
_dl_rtld_di_serinfo
_dl_rtld_di_serinfo
_dl_rtld_di_serinfo
realloc
_dl_rtld_di_serinfo
_dl_rtld_di_serinfo
_dl_rtld_di_serinfo
realloc
_dl_rtld_di_serinfo
_dl_rtld_di_serinfo
_dl_debug_state
realloc
realloc
_dl_debug_state
realloc
realloc
_dl_rtld_di_serinfo
realloc
realloc
_dl_rtld_di_serinfo
_dl_rtld_di_serinfo
_dl_rtld_di_serinfo
realloc
_dl_rtld_di_serinfo
_dl_rtld_di_serinfo
_dl_rtld_di_serinfo
realloc
_dl_rtld_di_serinfo
_dl_rtld_di_serinfo
_dl_rtld_di_serinfo
realloc
_dl_rtld_di_serinfo
_dl_rtld_di_serinfo
_dl_rtld_di_serinfo
realloc
_dl_rtld_di_serinfo
_dl_rtld_di_serinfo
_dl_rtld_di_serinfo
realloc
_dl_rtld_di_serinfo
_dl_rtld_di_serinfo
_dl_rtld_di_serinfo
realloc
_dl_rtld_di_serinfo
_dl_rtld_di_serinfo
_dl_rtld_di_serinfo
realloc
_dl_rtld_di_serinfo
_dl_rtld_di_serinfo
_dl_rtld_di_serinfo
realloc
_dl_rtld_di_serinfo
_dl_rtld_di_serinfo
_dl_rtld_di_serinfo
realloc
_dl_rtld_di_serinfo
_dl_rtld_di_serinfo
_dl_rtld_di_serinfo
realloc
_dl_rtld_di_serinfo
_dl_rtld_di_serinfo
_dl_rtld_di_serinfo
realloc
_dl_rtld_di_serinfo
_dl_rtld_di_serinfo
_dl_rtld_di_serinfo
realloc
_dl_rtld_di_serinfo
_dl_rtld_di_serinfo
_dl_rtld_di_serinfo
realloc
_dl_rtld_di_serinfo
_dl_rtld_di_serinfo
_dl_rtld_di_serinfo
realloc
_dl_rtld_di_serinfo
_dl_rtld_di_serinfo
_dl_rtld_di_serinfo
realloc
_dl_rtld_di_serinfo
_dl_rtld_di_serinfo
_dl_rtld_di_serinfo
realloc
_dl_rtld_di_serinfo
_dl_rtld_di_serinfo
_dl_rtld_di_serinfo
realloc
_dl_rtld_di_serinfo
_dl_rtld_di_serinfo
_dl_rtld_di_serinfo
realloc
_dl_rtld_di_serinfo
_dl_rtld_di_serinfo
_dl_rtld_di_serinfo
realloc
_dl_rtld_di_serinfo
_dl_rtld_di_serinfo
_dl_rtld_di_serinfo
realloc
_dl_rtld_di_serinfo
_dl_rtld_di_serinfo
_dl_rtld_di_serinfo
realloc
_dl_rtld_di_serinfo
_dl_rtld_di_serinfo
_dl_rtld_di_serinfo
realloc
_dl_rtld_di_serinfo
_dl_rtld_di_serinfo
_dl_rtld_di_serinfo
realloc
_dl_rtld_di_serinfo
_dl_rtld_di_serinfo
_dl_rtld_di_serinfo
_dl_rtld_di_serinfo
_dl_rtld_di_serinfo
realloc
_dl_rtld_di_serinfo
_dl_rtld_di_serinfo
_dl_rtld_di_serinfo
realloc
_dl_rtld_di_serinfo
_dl_rtld_di_serinfo
_dl_rtld_di_serinfo
realloc
_dl_rtld_di_serinfo
_dl_rtld_di_serinfo
_dl_rtld_di_serinfo
realloc
_dl_rtld_di_serinfo
_dl_rtld_di_serinfo
_dl_rtld_di_serinfo
realloc
_dl_rtld_di_serinfo
_dl_rtld_di_serinfo
_dl_rtld_di_serinfo
realloc
_dl_rtld_di_serinfo
_dl_rtld_di_serinfo
_dl_rtld_di_serinfo
realloc
_dl_rtld_di_serinfo
_dl_rtld_di_serinfo
_dl_rtld_di_serinfo
realloc
_dl_rtld_di_serinfo
_dl_rtld_di_serinfo
_dl_rtld_di_serinfo
realloc
_dl_rtld_di_serinfo
_dl_rtld_di_serinfo
_dl_rtld_di_serinfo
realloc
_dl_rtld_di_serinfo
_dl_rtld_di_serinfo
_dl_rtld_di_serinfo
realloc
_dl_rtld_di_serinfo
_dl_rtld_di_serinfo
_dl_rtld_di_serinfo
realloc
_dl_rtld_di_serinfo
_dl_rtld_di_serinfo
_dl_rtld_di_serinfo
realloc
_dl_rtld_di_serinfo
_dl_rtld_di_serinfo
_dl_rtld_di_serinfo
realloc
_dl_rtld_di_serinfo
_dl_rtld_di_serinfo
_dl_rtld_di_serinfo
realloc
_dl_rtld_di_serinfo
_dl_rtld_di_serinfo
_dl_rtld_di_serinfo
realloc
_dl_rtld_di_serinfo
_dl_rtld_di_serinfo
_dl_rtld_di_serinfo
realloc
_dl_rtld_di_serinfo
_dl_rtld_di_serinfo
_dl_debug_state
realloc
realloc
_dl_debug_state
realloc
realloc
_dl_rtld_di_serinfo
realloc
realloc
_dl_rtld_di_serinfo
_dl_rtld_di_serinfo
_dl_rtld_di_serinfo
realloc
_dl_rtld_di_serinfo
_dl_rtld_di_serinfo
_dl_rtld_di_serinfo
realloc
_dl_rtld_di_serinfo
_dl_rtld_di_serinfo
_dl_rtld_di_serinfo
realloc
_dl_rtld_di_serinfo
_dl_rtld_di_serinfo
_dl_rtld_di_serinfo
realloc
invalid_rtn
invalid_rtn
invalid_rtn
_dl_rtld_di_serinfo
_dl_rtld_di_serinfo
_dl_rtld_di_serinfo
realloc
realloc
invalid_rtn
invalid_rtn
invalid_rtn
invalid_rtn
invalid_rtn
invalid_rtn
_dl_rtld_di_serinfo
_dl_rtld_di_serinfo
_dl_rtld_di_serinfo
realloc
realloc
invalid_rtn
realloc
__tls_get_addr
_dl_rtld_di_serinfo
_dl_rtld_di_serinfo
_dl_rtld_di_serinfo
realloc
_dl_allocate_tls_init
realloc
realloc
_dl_rtld_di_serinfo
_dl_rtld_di_serinfo
_dl_rtld_di_serinfo
_dl_rtld_di_serinfo
realloc
_dl_rtld_di_serinfo
_dl_rtld_di_serinfo
_dl_rtld_di_serinfo
realloc
realloc
_dl_rtld_di_serinfo
_dl_rtld_di_serinfo
_dl_rtld_di_serinfo
realloc
realloc
_dl_rtld_di_serinfo
_dl_rtld_di_serinfo
_dl_rtld_di_serinfo
realloc
realloc
_dl_rtld_di_serinfo
_dl_rtld_di_serinfo
_dl_rtld_di_serinfo
realloc
realloc
_dl_rtld_di_serinfo
_dl_rtld_di_serinfo
_dl_rtld_di_serinfo
realloc
realloc
realloc
__get_cpu_features
_dl_debug_state
_dl_debug_state
_dl_find_dso_for_object
realloc
_dl_rtld_di_serinfo
_dl_rtld_di_serinfo
_dl_rtld_di_serinfo
_init
__libc_dl_error_tsd
_dl_rtld_di_serinfo
_dl_rtld_di_serinfo
_dl_rtld_di_serinfo
realloc
realloc
__libc_dl_error_tsd
_dl_rtld_di_serinfo
_dl_rtld_di_serinfo
_dl_rtld_di_serinfo
realloc
realloc
__libc_ifunc_impl_list
rindex
__ctype_init
.text
strerror_l
strerror_l
strerror_l
strerror_l
strerror_l
strerror_l
.text
_dl_rtld_di_serinfo
.plt
.plt
_dl_find_dso_for_object
_dl_rtld_di_serinfo
_dl_rtld_di_serinfo
_dl_rtld_di_serinfo
_dl_debug_state
realloc
realloc
_dl_rtld_di_serinfo
realloc
realloc
__cxa_atexit
on_exit
__libc_csu_init
_init
frame_dummy
_setjmp
main
.plt
.plt
_dl_find_dso_for_object
_dl_rtld_di_serinfo
_dl_rtld_di_serinfo
_dl_rtld_di_serinfo
_dl_debug_state
realloc
realloc
_dl_rtld_di_serinfo
realloc
realloc
__libc_mallopt
_dl_addr
.text
.plt
.plt
_dl_find_dso_for_object
_dl_rtld_di_serinfo
_dl_rtld_di_serinfo
_dl_rtld_di_serinfo
_dl_debug_state
realloc
realloc
_dl_debug_state
realloc
realloc
_dl_rtld_di_serinfo
realloc
realloc
.text
_IO_str_seekoff
_IO_str_seekoff
_IO_str_seekoff
__default_morecore
__sbrk
brk
brk
__default_morecore
__sbrk
array1to2
.plt
.plt
_dl_find_dso_for_object
_dl_rtld_di_serinfo
_dl_rtld_di_serinfo
_dl_rtld_di_serinfo
_dl_debug_state
realloc
realloc
_dl_rtld_di_serinfo
realloc
realloc
_IO_vfprintf
strchrnul
_IO_file_xsputn
cuserid
_IO_file_xsputn
_IO_file_overflow
_IO_doallocbuf
_IO_file_doallocate
_IO_file_stat
.plt.got
_IO_str_seekoff
_IO_setb
_IO_default_xsputn
_IO_file_overflow
_IO_file_overflow
_IO_file_overflow
_IO_file_overflow
_IO_file_overflow
_IO_file_overflow
_IO_file_overflow
strchrnul
_IO_file_xsputn
__bzero
cuserid
_IO_file_xsputn
__bzero
strchrnul
_IO_file_xsputn
__bzero
_IO_file_overflow
_IO_file_write
__write
.plt
printf
_IO_vfprintf
strchrnul
_IO_file_xsputn
__printf_fp
swapcontext
swapcontext
vprintf
swapcontext
swapcontext
swapcontext
swapcontext
swapcontext
swapcontext
swapcontext
vprintf
swapcontext
strlen
__bzero
__overflow
__overflow
__overflow
__overflow
__overflow
__overflow
__overflow
__overflow
strchrnul
_IO_file_xsputn
__bzero
.plt
printf
_IO_vfprintf
strchrnul
_IO_file_xsputn
__printf_fp
swapcontext
swapcontext
vprintf
swapcontext
swapcontext
swapcontext
swapcontext
swapcontext
swapcontext
swapcontext
vprintf
swapcontext
strlen
__bzero
__overflow
__overflow
__overflow
__overflow
__overflow
__overflow
__overflow
__overflow
strchrnul
_IO_file_xsputn
__bzero
.plt
printf
_IO_vfprintf
strchrnul
_IO_file_xsputn
__printf_fp
swapcontext
swapcontext
vprintf
swapcontext
swapcontext
swapcontext
swapcontext
swapcontext
swapcontext
swapcontext
vprintf
swapcontext
strlen
__bzero
__overflow
__overflow
__overflow
__overflow
__overflow
__overflow
__overflow
__overflow
strchrnul
_IO_file_xsputn
__bzero
.plt
printf
_IO_vfprintf
strchrnul
_IO_file_xsputn
__printf_fp
swapcontext
swapcontext
vprintf
swapcontext
swapcontext
swapcontext
swapcontext
swapcontext
swapcontext
swapcontext
vprintf
swapcontext
strlen
__bzero
__overflow
__overflow
__overflow
__overflow
__overflow
__overflow
__overflow
__overflow
strchrnul
_IO_file_xsputn
__bzero
.plt
printf
_IO_vfprintf
strchrnul
_IO_file_xsputn
__printf_fp
swapcontext
swapcontext
vprintf
swapcontext
swapcontext
swapcontext
swapcontext
swapcontext
swapcontext
swapcontext
vprintf
swapcontext
strlen
__bzero
__overflow
__overflow
__overflow
__overflow
__overflow
__overflow
__overflow
__overflow
strchrnul
_IO_file_xsputn
__bzero
.plt
printf
_IO_vfprintf
strchrnul
_IO_file_xsputn
__printf_fp
swapcontext
swapcontext
vprintf
swapcontext
swapcontext
swapcontext
swapcontext
swapcontext
swapcontext
swapcontext
vprintf
swapcontext
strlen
__bzero
__overflow
__overflow
__overflow
__overflow
__overflow
__overflow
__overflow
__overflow
strchrnul
_IO_file_xsputn
__bzero
.plt
printf
_IO_vfprintf
strchrnul
_IO_file_xsputn
__printf_fp
swapcontext
swapcontext
vprintf
swapcontext
swapcontext
swapcontext
swapcontext
swapcontext
swapcontext
swapcontext
vprintf
swapcontext
strlen
__bzero
__overflow
__overflow
__overflow
__overflow
__overflow
__overflow
__overflow
__overflow
strchrnul
_IO_file_xsputn
__bzero
.plt
printf
_IO_vfprintf
strchrnul
_IO_file_xsputn
__printf_fp
swapcontext
swapcontext
vprintf
swapcontext
swapcontext
swapcontext
swapcontext
swapcontext
swapcontext
swapcontext
vprintf
swapcontext
strlen
__bzero
__overflow
__overflow
__overflow
__overflow
__overflow
__overflow
__overflow
__overflow
strchrnul
_IO_file_xsputn
__bzero
.plt
printf
_IO_vfprintf
strchrnul
_IO_file_xsputn
__printf_fp
swapcontext
swapcontext
memccpy
swapcontext
vprintf
swapcontext
swapcontext
swapcontext
swapcontext
swapcontext
swapcontext
swapcontext
vprintf
swapcontext
strlen
__bzero
__overflow
__overflow
__overflow
__overflow
__overflow
__overflow
__overflow
__overflow
strchrnul
_IO_file_xsputn
__bzero
.plt
printf
_IO_vfprintf
strchrnul
_IO_file_xsputn
__printf_fp
swapcontext
swapcontext
memccpy
swapcontext
vprintf
swapcontext
swapcontext
swapcontext
swapcontext
swapcontext
swapcontext
swapcontext
vprintf
swapcontext
strlen
__bzero
__overflow
__overflow
__overflow
__overflow
__overflow
__overflow
__overflow
__overflow
strchrnul
_IO_file_xsputn
__bzero
.plt
printf
_IO_vfprintf
strchrnul
_IO_file_xsputn
__printf_fp
swapcontext
swapcontext
memccpy
swapcontext
memccpy
swapcontext
swapcontext
vprintf
swapcontext
vprintf
swapcontext
swapcontext
swapcontext
swapcontext
swapcontext
swapcontext
swapcontext
vprintf
swapcontext
strlen
__bzero
__overflow
__overflow
__overflow
__overflow
__overflow
__overflow
__overflow
__overflow
__overflow
strchrnul
_IO_file_xsputn
__bzero
.plt
printf
_IO_vfprintf
strchrnul
_IO_file_xsputn
__printf_fp
swapcontext
swapcontext
memccpy
swapcontext
memccpy
swapcontext
swapcontext
vprintf
swapcontext
swapcontext
vprintf
swapcontext
swapcontext
swapcontext
swapcontext
swapcontext
swapcontext
swapcontext
vprintf
swapcontext
strlen
__bzero
__overflow
__overflow
__overflow
__overflow
__overflow
__overflow
__overflow
__overflow
__overflow
strchrnul
_IO_file_xsputn
__bzero
.plt
printf
_IO_vfprintf
strchrnul
_IO_file_xsputn
__printf_fp
swapcontext
swapcontext
memccpy
swapcontext
memccpy
swapcontext
swapcontext
vprintf
swapcontext
swapcontext
vprintf
swapcontext
swapcontext
swapcontext
swapcontext
swapcontext
swapcontext
swapcontext
vprintf
swapcontext
strlen
__bzero
__overflow
__overflow
__overflow
__overflow
__overflow
__overflow
__overflow
__overflow
__overflow
strchrnul
_IO_file_xsputn
__bzero
.plt
printf
_IO_vfprintf
strchrnul
_IO_file_xsputn
__printf_fp
swapcontext
swapcontext
memccpy
swapcontext
memccpy
swapcontext
swapcontext
vprintf
swapcontext
swapcontext
vprintf
swapcontext
swapcontext
swapcontext
swapcontext
swapcontext
swapcontext
swapcontext
vprintf
swapcontext
strlen
__bzero
__overflow
__overflow
__overflow
__overflow
__overflow
__overflow
__overflow
__overflow
__overflow
strchrnul
_IO_file_xsputn
__bzero
.plt
printf
_IO_vfprintf
strchrnul
_IO_file_xsputn
__printf_fp
swapcontext
swapcontext
memccpy
swapcontext
memccpy
swapcontext
swapcontext
vprintf
swapcontext
swapcontext
vprintf
swapcontext
swapcontext
swapcontext
swapcontext
swapcontext
swapcontext
swapcontext
vprintf
swapcontext
strlen
__bzero
__overflow
__overflow
__overflow
__overflow
__overflow
__overflow
__overflow
__overflow
__overflow
strchrnul
_IO_file_xsputn
__bzero
.plt
printf
_IO_vfprintf
strchrnul
_IO_file_xsputn
__printf_fp
swapcontext
swapcontext
memccpy
swapcontext
memccpy
swapcontext
swapcontext
vprintf
swapcontext
swapcontext
vprintf
swapcontext
swapcontext
swapcontext
swapcontext
swapcontext
swapcontext
swapcontext
vprintf
swapcontext
strlen
__bzero
__overflow
__overflow
__overflow
__overflow
__overflow
__overflow
__overflow
__overflow
__overflow
strchrnul
_IO_file_xsputn
__bzero
.plt
.plt
_dl_find_dso_for_object
_dl_rtld_di_serinfo
_dl_rtld_di_serinfo
_dl_rtld_di_serinfo
_dl_debug_state
realloc
realloc
_dl_rtld_di_serinfo
realloc
realloc
strlen
_IO_file_xsputn
__bzero
__overflow
_IO_do_write
_IO_file_write
__write
exit
__libc_secure_getenv
__call_tls_dtors
_dl_rtld_di_serinfo
.text
realloc
realloc
realloc
.text
__do_global_dtors_aux
deregister_tm_clones
_fini
_IO_adjust_column
_IO_adjust_column
_IO_file_setbuf
_IO_default_xsgetn
_IO_file_sync
_Exit
# eof
